<?xml version="1.0" encoding="UTF-8"?>
<testng-results ignored="0" total="1" passed="1" failed="0" skipped="0">
  <reporter-output>
  </reporter-output>
  <suite started-at="2022-10-07T23:12:53 EET" name="user registration suite" finished-at="2022-10-07T23:13:01 EET" duration-ms="7774">
    <groups>
    </groups>
    <test started-at="2022-10-07T23:12:53 EET" name="user registration Test" finished-at="2022-10-07T23:13:01 EET" duration-ms="7774">
      <class name="tests.RegistrationTests">
        <test-method is-config="true" signature="setUp()[pri:0, instance:tests.RegistrationTests@52b1beb6]" started-at="2022-10-07T23:12:53 EET" name="setUp" finished-at="2022-10-07T23:12:57 EET" duration-ms="3894" status="PASS">
          <reporter-output>
          </reporter-output>
        </test-method> <!-- setUp -->
        <test-method is-config="true" signature="goToMadisonHome()[pri:0, instance:tests.RegistrationTests@52b1beb6]" started-at="2022-10-07T23:12:57 EET" name="goToMadisonHome" finished-at="2022-10-07T23:12:57 EET" duration-ms="586" status="PASS">
          <reporter-output>
          </reporter-output>
        </test-method> <!-- goToMadisonHome -->
        <test-method signature="userCanRegisterToMadison()[pri:0, instance:tests.RegistrationTests@52b1beb6]" started-at="2022-10-07T23:12:57 EET" name="userCanRegisterToMadison" finished-at="2022-10-07T23:13:01 EET" duration-ms="3261" status="PASS">
          <reporter-output>
          </reporter-output>
        </test-method> <!-- userCanRegisterToMadison -->
      </class> <!-- tests.RegistrationTests -->
    </test> <!-- user registration Test -->
  </suite> <!-- user registration suite -->
</testng-results>
