<?xml version="1.0" encoding="UTF-8"?>
<testng-results ignored="0" total="1" passed="1" failed="0" skipped="0">
  <reporter-output>
  </reporter-output>
  <suite started-at="2022-10-08T12:50:53 EET" name="user registration suite" finished-at="2022-10-08T12:51:04 EET" duration-ms="10475">
    <groups>
    </groups>
    <test started-at="2022-10-08T12:50:53 EET" name="user registration Test" finished-at="2022-10-08T12:51:04 EET" duration-ms="10475">
      <class name="tests.RegistrationTests">
        <test-method is-config="true" signature="setUp()[pri:0, instance:tests.RegistrationTests@7d4f9aae]" started-at="2022-10-08T12:50:53 EET" name="setUp" finished-at="2022-10-08T12:50:58 EET" duration-ms="4895" status="PASS">
          <reporter-output>
          </reporter-output>
        </test-method> <!-- setUp -->
        <test-method signature="userCanRegisterToMadison()[pri:0, instance:tests.RegistrationTests@7d4f9aae]" started-at="2022-10-08T12:50:58 EET" name="userCanRegisterToMadison" finished-at="2022-10-08T12:51:04 EET" duration-ms="5506" status="PASS">
          <reporter-output>
          </reporter-output>
        </test-method> <!-- userCanRegisterToMadison -->
      </class> <!-- tests.RegistrationTests -->
    </test> <!-- user registration Test -->
  </suite> <!-- user registration suite -->
</testng-results>
